# JRE version: Java(TM) SE Runtime Environment 18.9 (11.0.11+9) (build 11.0.11+9-LTS-194)
# Java VM: Java HotSpot(TM) 64-Bit Server VM 18.9 (11.0.11+9-LTS-194, mixed mode, tiered, compressed oops, g1 gc, bsd-amd64)
Heap:
 garbage-first heap   total 1261568K, used 390042K [0x0000000400000000, 0x0000000800000000)
  region size 4096K, 95 young (389120K), 2 survivors (8192K)
 Metaspace       used 20994K, capacity 21477K, committed 21632K, reserved 1069056K
  class space    used 2184K, capacity 2369K, committed 2432K, reserved 1048576K
GC Heap History (10 events):
Event: 2.168 GC heap before
{Heap before GC invocations=5 (full 0):
 garbage-first heap   total 1048576K, used 139267K [0x0000000400000000, 0x0000000800000000)
  region size 4096K, 33 young (135168K), 2 survivors (8192K)
 Metaspace       used 20889K, capacity 21348K, committed 21632K, reserved 1069056K
  class space    used 2183K, capacity 2369K, committed 2432K, reserved 1048576K
}
Event: 2.171 GC heap after
{Heap after GC invocations=6 (full 0):
 garbage-first heap   total 1261568K, used 11979K [0x0000000400000000, 0x0000000800000000)
  region size 4096K, 2 young (8192K), 2 survivors (8192K)
 Metaspace       used 20889K, capacity 21348K, committed 21632K, reserved 1069056K
  class space    used 2183K, capacity 2369K, committed 2432K, reserved 1048576K
}
Event: 2.523 GC heap before
{Heap before GC invocations=6 (full 0):
 garbage-first heap   total 1261568K, used 179915K [0x0000000400000000, 0x0000000800000000)
  region size 4096K, 43 young (176128K), 2 survivors (8192K)
 Metaspace       used 20890K, capacity 21348K, committed 21632K, reserved 1069056K
  class space    used 2183K, capacity 2369K, committed 2432K, reserved 1048576K
}
Event: 2.526 GC heap after
{Heap after GC invocations=7 (full 0):
 garbage-first heap   total 1261568K, used 12083K [0x0000000400000000, 0x0000000800000000)
  region size 4096K, 2 young (8192K), 2 survivors (8192K)
 Metaspace       used 20890K, capacity 21348K, committed 21632K, reserved 1069056K
  class space    used 2183K, capacity 2369K, committed 2432K, reserved 1048576K
}
Event: 2.761 GC heap before
{Heap before GC invocations=7 (full 0):
 garbage-first heap   total 1261568K, used 233267K [0x0000000400000000, 0x0000000800000000)
  region size 4096K, 56 young (229376K), 2 survivors (8192K)
 Metaspace       used 20890K, capacity 21348K, committed 21632K, reserved 1069056K
  class space    used 2183K, capacity 2369K, committed 2432K, reserved 1048576K
}
Event: 2.764 GC heap after
{Heap after GC invocations=8 (full 0):
 garbage-first heap   total 1261568K, used 12155K [0x0000000400000000, 0x0000000800000000)
  region size 4096K, 2 young (8192K), 2 survivors (8192K)
 Metaspace       used 20890K, capacity 21348K, committed 21632K, reserved 1069056K
  class space    used 2183K, capacity 2369K, committed 2432K, reserved 1048576K
}
Event: 3.350 GC heap before
{Heap before GC invocations=8 (full 0):
 garbage-first heap   total 1261568K, used 298875K [0x0000000400000000, 0x0000000800000000)
  region size 4096K, 72 young (294912K), 2 survivors (8192K)
 Metaspace       used 20975K, capacity 21413K, committed 21632K, reserved 1069056K
  class space    used 2184K, capacity 2369K, committed 2432K, reserved 1048576K
}
Event: 3.353 GC heap after
{Heap after GC invocations=9 (full 0):
 garbage-first heap   total 1261568K, used 13328K [0x0000000400000000, 0x0000000800000000)
  region size 4096K, 2 young (8192K), 2 survivors (8192K)
 Metaspace       used 20975K, capacity 21413K, committed 21632K, reserved 1069056K
  class space    used 2184K, capacity 2369K, committed 2432K, reserved 1048576K
}
Event: 3.469 GC heap before
{Heap before GC invocations=9 (full 0):
 garbage-first heap   total 1261568K, used 390160K [0x0000000400000000, 0x0000000800000000)
  region size 4096K, 94 young (385024K), 2 survivors (8192K)
 Metaspace       used 20976K, capacity 21413K, committed 21632K, reserved 1069056K
  class space    used 2184K, capacity 2369K, committed 2432K, reserved 1048576K
}
Event: 3.472 GC heap after
{Heap after GC invocations=10 (full 0):
 garbage-first heap   total 1261568K, used 13210K [0x0000000400000000, 0x0000000800000000)
  region size 4096K, 2 young (8192K), 2 survivors (8192K)
 Metaspace       used 20976K, capacity 21413K, committed 21632K, reserved 1069056K
  class space    used 2184K, capacity 2369K, committed 2432K, reserved 1048576K
}

